Determining if the pthread_create exist failed with the following output:
Change Dir: /home/britsk/rosbuildWS/sandbox/uwb_localization/CMakeFiles/CMakeTmp

Run Build Command:/usr/bin/make "cmTryCompileExec3836010621/fast"
/usr/bin/make -f CMakeFiles/cmTryCompileExec3836010621.dir/build.make CMakeFiles/cmTryCompileExec3836010621.dir/build
make[1]: Entering directory `/home/britsk/rosbuildWS/sandbox/uwb_localization/CMakeFiles/CMakeTmp'
/usr/bin/cmake -E cmake_progress_report /home/britsk/rosbuildWS/sandbox/uwb_localization/CMakeFiles/CMakeTmp/CMakeFiles 1
Building C object CMakeFiles/cmTryCompileExec3836010621.dir/CheckSymbolExists.c.o
/usr/bin/cc    -o CMakeFiles/cmTryCompileExec3836010621.dir/CheckSymbolExists.c.o   -c /home/britsk/rosbuildWS/sandbox/uwb_localization/CMakeFiles/CMakeTmp/CheckSymbolExists.c
Linking C executable cmTryCompileExec3836010621
/usr/bin/cmake -E cmake_link_script CMakeFiles/cmTryCompileExec3836010621.dir/link.txt --verbose=1
/usr/bin/cc       CMakeFiles/cmTryCompileExec3836010621.dir/CheckSymbolExists.c.o  -o cmTryCompileExec3836010621 -rdynamic 
CMakeFiles/cmTryCompileExec3836010621.dir/CheckSymbolExists.c.o: In function `main':
CheckSymbolExists.c:(.text+0xa): undefined reference to `pthread_create'
collect2: error: ld returned 1 exit status
make[1]: Leaving directory `/home/britsk/rosbuildWS/sandbox/uwb_localization/CMakeFiles/CMakeTmp'
make[1]: *** [cmTryCompileExec3836010621] Error 1
make: *** [cmTryCompileExec3836010621/fast] Error 2

File /home/britsk/rosbuildWS/sandbox/uwb_localization/CMakeFiles/CMakeTmp/CheckSymbolExists.c:
/* */
#include <pthread.h>

int main(int argc, char** argv)
{
  (void)argv;
#ifndef pthread_create
  return ((int*)(&pthread_create))[argc];
#else
  (void)argc;
  return 0;
#endif
}

Determining if the function pthread_create exists in the pthreads failed with the following output:
Change Dir: /home/britsk/rosbuildWS/sandbox/uwb_localization/CMakeFiles/CMakeTmp

Run Build Command:/usr/bin/make "cmTryCompileExec923470265/fast"
/usr/bin/make -f CMakeFiles/cmTryCompileExec923470265.dir/build.make CMakeFiles/cmTryCompileExec923470265.dir/build
make[1]: Entering directory `/home/britsk/rosbuildWS/sandbox/uwb_localization/CMakeFiles/CMakeTmp'
/usr/bin/cmake -E cmake_progress_report /home/britsk/rosbuildWS/sandbox/uwb_localization/CMakeFiles/CMakeTmp/CMakeFiles 1
Building C object CMakeFiles/cmTryCompileExec923470265.dir/CheckFunctionExists.c.o
/usr/bin/cc   -DCHECK_FUNCTION_EXISTS=pthread_create   -o CMakeFiles/cmTryCompileExec923470265.dir/CheckFunctionExists.c.o   -c /usr/share/cmake-2.8/Modules/CheckFunctionExists.c
Linking C executable cmTryCompileExec923470265
/usr/bin/cmake -E cmake_link_script CMakeFiles/cmTryCompileExec923470265.dir/link.txt --verbose=1
/usr/bin/cc   -DCHECK_FUNCTION_EXISTS=pthread_create    CMakeFiles/cmTryCompileExec923470265.dir/CheckFunctionExists.c.o  -o cmTryCompileExec923470265 -rdynamic -lpthreads 
/usr/bin/ld: cannot find -lpthreads
collect2: error: ld returned 1 exit status
make[1]: Leaving directory `/home/britsk/rosbuildWS/sandbox/uwb_localization/CMakeFiles/CMakeTmp'
make[1]: *** [cmTryCompileExec923470265] Error 1
make: *** [cmTryCompileExec923470265/fast] Error 2


