Determining if the pthread_create exist failed with the following output:
Change Dir: /home/britsk/rosbuildWS/sandbox/imuSbg/CMakeFiles/CMakeTmp

Run Build Command:/usr/bin/make "cmTryCompileExec1220560405/fast"
make[1]: Entering directory `/home/britsk/rosbuildWS/sandbox/imuSbg/CMakeFiles/CMakeTmp'
/usr/bin/make -f CMakeFiles/cmTryCompileExec1220560405.dir/build.make CMakeFiles/cmTryCompileExec1220560405.dir/build
make[2]: Entering directory `/home/britsk/rosbuildWS/sandbox/imuSbg/CMakeFiles/CMakeTmp'
/usr/bin/cmake -E cmake_progress_report /home/britsk/rosbuildWS/sandbox/imuSbg/CMakeFiles/CMakeTmp/CMakeFiles 1
Building C object CMakeFiles/cmTryCompileExec1220560405.dir/CheckSymbolExists.c.o
/usr/bin/cc    -o CMakeFiles/cmTryCompileExec1220560405.dir/CheckSymbolExists.c.o   -c /home/britsk/rosbuildWS/sandbox/imuSbg/CMakeFiles/CMakeTmp/CheckSymbolExists.c
Linking C executable cmTryCompileExec1220560405
/usr/bin/cmake -E cmake_link_script CMakeFiles/cmTryCompileExec1220560405.dir/link.txt --verbose=1
/usr/bin/cc       CMakeFiles/cmTryCompileExec1220560405.dir/CheckSymbolExists.c.o  -o cmTryCompileExec1220560405 -rdynamic 
CMakeFiles/cmTryCompileExec1220560405.dir/CheckSymbolExists.c.o: In function `main':
CheckSymbolExists.c:(.text+0xa): undefined reference to `pthread_create'
make[2]: Leaving directory `/home/britsk/rosbuildWS/sandbox/imuSbg/CMakeFiles/CMakeTmp'
make[1]: Leaving directory `/home/britsk/rosbuildWS/sandbox/imuSbg/CMakeFiles/CMakeTmp'
collect2: error: ld returned 1 exit status
make[2]: *** [cmTryCompileExec1220560405] Error 1
make[1]: *** [cmTryCompileExec1220560405/fast] Error 2

File /home/britsk/rosbuildWS/sandbox/imuSbg/CMakeFiles/CMakeTmp/CheckSymbolExists.c:
/* */
#include <pthread.h>

int main(int argc, char** argv)
{
  (void)argv;
#ifndef pthread_create
  return ((int*)(&pthread_create))[argc];
#else
  (void)argc;
  return 0;
#endif
}

Determining if the function pthread_create exists in the pthreads failed with the following output:
Change Dir: /home/britsk/rosbuildWS/sandbox/imuSbg/CMakeFiles/CMakeTmp

Run Build Command:/usr/bin/make "cmTryCompileExec1791405098/fast"
make[1]: Entering directory `/home/britsk/rosbuildWS/sandbox/imuSbg/CMakeFiles/CMakeTmp'
/usr/bin/make -f CMakeFiles/cmTryCompileExec1791405098.dir/build.make CMakeFiles/cmTryCompileExec1791405098.dir/build
make[2]: Entering directory `/home/britsk/rosbuildWS/sandbox/imuSbg/CMakeFiles/CMakeTmp'
/usr/bin/cmake -E cmake_progress_report /home/britsk/rosbuildWS/sandbox/imuSbg/CMakeFiles/CMakeTmp/CMakeFiles 1
Building C object CMakeFiles/cmTryCompileExec1791405098.dir/CheckFunctionExists.c.o
/usr/bin/cc   -DCHECK_FUNCTION_EXISTS=pthread_create   -o CMakeFiles/cmTryCompileExec1791405098.dir/CheckFunctionExists.c.o   -c /usr/share/cmake-2.8/Modules/CheckFunctionExists.c
Linking C executable cmTryCompileExec1791405098
/usr/bin/cmake -E cmake_link_script CMakeFiles/cmTryCompileExec1791405098.dir/link.txt --verbose=1
/usr/bin/cc   -DCHECK_FUNCTION_EXISTS=pthread_create    CMakeFiles/cmTryCompileExec1791405098.dir/CheckFunctionExists.c.o  -o cmTryCompileExec1791405098 -rdynamic -lpthreads 
/usr/bin/ld: cannot find -lpthreads
collect2: error: ld returned 1 exit status
make[2]: Leaving directory `/home/britsk/rosbuildWS/sandbox/imuSbg/CMakeFiles/CMakeTmp'
make[1]: Leaving directory `/home/britsk/rosbuildWS/sandbox/imuSbg/CMakeFiles/CMakeTmp'
make[2]: *** [cmTryCompileExec1791405098] Error 1
make[1]: *** [cmTryCompileExec1791405098/fast] Error 2


